Flow report for final_project
Sun Jun 16 15:55:47 2024
Quartus II 64-Bit Version 13.1.0 Build 162 10/23/2013 SJ Web Edition


---------------------
; Table of Contents ;
---------------------
  1. Legal Notice
  2. Flow Summary
  3. Flow Settings
  4. Flow Non-Default Global Settings
  5. Flow Elapsed Time
  6. Flow OS Summary
  7. Flow Log
  8. Flow Messages
  9. Flow Suppressed Messages



----------------
; Legal Notice ;
----------------
Copyright (C) 1991-2013 Altera Corporation
Your use of Altera Corporation's design tools, logic functions 
and other software and tools, and its AMPP partner logic 
functions, and any output files from any of the foregoing 
(including device programming or simulation files), and any 
associated documentation or information are expressly subject 
to the terms and conditions of the Altera Program License 
Subscription Agreement, Altera MegaCore Function License 
Agreement, or other applicable license agreement, including, 
without limitation, that your use is for the sole purpose of 
programming logic devices manufactured by Altera and sold by 
Altera or its authorized distributors.  Please refer to the 
applicable agreement for further details.



+------------------------------------------------------------------------+
; Flow Summary                                                           ;
+---------------------------+--------------------------------------------+
; Flow Status               ; Successful - Sun Jun 16 15:55:47 2024      ;
; Quartus II 64-Bit Version ; 13.1.0 Build 162 10/23/2013 SJ Web Edition ;
; Revision Name             ; final_project                              ;
; Top-level Entity Name     ; final_project                              ;
; Family                    ; MAX II                                     ;
; Device                    ; EPM240T100C5                               ;
; Timing Models             ; Final                                      ;
; Total logic elements      ; 208 / 240 ( 87 % )                         ;
; Total pins                ; 25 / 80 ( 31 % )                           ;
; Total virtual pins        ; 0                                          ;
; UFM blocks                ; 0 / 1 ( 0 % )                              ;
+---------------------------+--------------------------------------------+


+-----------------------------------------+
; Flow Settings                           ;
+-------------------+---------------------+
; Option            ; Setting             ;
+-------------------+---------------------+
; Start date & time ; 06/16/2024 15:55:35 ;
; Main task         ; Compilation         ;
; Revision Name     ; final_project       ;
+-------------------+---------------------+


+-----------------------------------------------------------------------------------------------------------------------+
; Flow Non-Default Global Settings                                                                                      ;
+---------------------------------------+--------------------------------+---------------+-------------+----------------+
; Assignment Name                       ; Value                          ; Default Value ; Entity Name ; Section Id     ;
+---------------------------------------+--------------------------------+---------------+-------------+----------------+
; COMPILER_SIGNATURE_ID                 ; 45015789426300.171852813506412 ; --            ; --          ; --             ;
; EDA_OUTPUT_DATA_FORMAT                ; Vhdl                           ; --            ; --          ; eda_simulation ;
; EDA_SIMULATION_TOOL                   ; ModelSim-Altera (VHDL)         ; <None>        ; --          ; --             ;
; MAX_CORE_JUNCTION_TEMP                ; 85                             ; --            ; --          ; --             ;
; MIN_CORE_JUNCTION_TEMP                ; 0                              ; --            ; --          ; --             ;
; POWER_EXT_SUPPLY_VOLTAGE_TO_REGULATOR ; 3.3V                           ; --            ; --          ; --             ;
; POWER_PRESET_COOLING_SOLUTION         ; No Heat Sink With Still Air    ; --            ; --          ; --             ;
; PROJECT_OUTPUT_DIRECTORY              ; output_files                   ; --            ; --          ; --             ;
+---------------------------------------+--------------------------------+---------------+-------------+----------------+


+-------------------------------------------------------------------------------------------------------------------------------+
; Flow Elapsed Time                                                                                                             ;
+---------------------------+--------------+-------------------------+---------------------+------------------------------------+
; Module Name               ; Elapsed Time ; Average Processors Used ; Peak Virtual Memory ; Total CPU Time (on all processors) ;
+---------------------------+--------------+-------------------------+---------------------+------------------------------------+
; Analysis & Synthesis      ; 00:00:02     ; 1.0                     ; 4641 MB             ; 00:00:02                           ;
; Fitter                    ; 00:00:03     ; 1.0                     ; 5268 MB             ; 00:00:03                           ;
; Assembler                 ; 00:00:01     ; 1.0                     ; 4557 MB             ; 00:00:01                           ;
; TimeQuest Timing Analyzer ; 00:00:01     ; 1.0                     ; 4588 MB             ; 00:00:01                           ;
; EDA Netlist Writer        ; 00:00:00     ; 1.0                     ; 4521 MB             ; 00:00:01                           ;
; Total                     ; 00:00:07     ; --                      ; --                  ; 00:00:08                           ;
+---------------------------+--------------+-------------------------+---------------------+------------------------------------+


+----------------------------------------------------------------------------------------+
; Flow OS Summary                                                                        ;
+---------------------------+------------------+-----------+------------+----------------+
; Module Name               ; Machine Hostname ; OS Name   ; OS Version ; Processor type ;
+---------------------------+------------------+-----------+------------+----------------+
; Analysis & Synthesis      ; DESKTOP-MPK86F5  ; Windows 7 ; 6.2        ; x86_64         ;
; Fitter                    ; DESKTOP-MPK86F5  ; Windows 7 ; 6.2        ; x86_64         ;
; Assembler                 ; DESKTOP-MPK86F5  ; Windows 7 ; 6.2        ; x86_64         ;
; TimeQuest Timing Analyzer ; DESKTOP-MPK86F5  ; Windows 7 ; 6.2        ; x86_64         ;
; EDA Netlist Writer        ; DESKTOP-MPK86F5  ; Windows 7 ; 6.2        ; x86_64         ;
+---------------------------+------------------+-----------+------------+----------------+


------------
; Flow Log ;
------------
quartus_map --read_settings_files=on --write_settings_files=off final_project -c final_project
quartus_fit --read_settings_files=off --write_settings_files=off final_project -c final_project
quartus_asm --read_settings_files=off --write_settings_files=off final_project -c final_project
quartus_sta final_project -c final_project
quartus_eda --read_settings_files=off --write_settings_files=off final_project -c final_project



